<?xml version="1.0" encoding="UTF-8"?>
<testsuite xmlns:xsi="http://www.w3.org/2001/XMLSchema-instance" xsi:noNamespaceSchemaLocation="https://maven.apache.org/surefire/maven-surefire-plugin/xsd/surefire-test-report.xsd" version="3.0.2" name="in.sameer.ApplicationTests" time="4.084" tests="1" errors="0" skipped="0" failures="0">
  <properties>
[...]
</properties>
  <testcase name="contextLoads" classname="in.sameer.ApplicationTests" time="1.034">
    <system-out><![CDATA[11:38:08.570 [main] INFO org.springframework.test.context.support.AnnotationConfigContextLoaderUtils -- Could not detect default configuration classes for test class [in.sameer.ApplicationTests]: ApplicationTests does not declare any static, non-private, non-final, nested classes annotated with @Configuration.
11:38:08.684 [main] INFO org.springframework.boot.test.context.SpringBootTestContextBootstrapper -- Found @SpringBootConfiguration in.sameer.Application for test class in.sameer.ApplicationTests

  .   ____          _            __ _ _
 /\\ / ___'_ __ _ _(_)_ __  __ _ \ \ \ \
( ( )\___ | '_ | '_| | '_ \/ _` | \ \ \ \
 \\/  ___)| |_)| | | | | || (_| |  ) ) ) )
  '  |____| .__|_| |_|_| |_\__, | / / / /
 =========|_|==============|___/=/_/_/_/

 :: Spring Boot ::                (v3.4.0)

2024-12-18T11:38:09.190+05:30  INFO 8424 --- [45-SB-REST-API-1] [           main] in.sameer.ApplicationTests               : Starting ApplicationTests using Java 17.0.12 with PID 8424 (started by myfat in D:\Spring-Boot-Program\45-SB-REST-API-1)
2024-12-18T11:38:09.192+05:30  INFO 8424 --- [45-SB-REST-API-1] [           main] in.sameer.ApplicationTests               : No active profile set, falling back to 1 default profile: "default"
Zero-Param-Constructor
2024-12-18T11:38:11.385+05:30  INFO 8424 --- [45-SB-REST-API-1] [           main] in.sameer.ApplicationTests               : Started ApplicationTests in 2.493 seconds (process running for 3.49)
]]></system-out>
  </testcase>
</testsuite>